0 info it worked if it ends with ok
1 verbose cli [ '/usr/bin/nodejs',
1 verbose cli   '/usr/bin/npm',
1 verbose cli   'install',
1 verbose cli   '-g',
1 verbose cli   'http-server' ]
2 info using npm@1.3.10
3 info using node@v0.10.25
4 verbose cache add [ 'http-server', null ]
5 verbose cache add name=undefined spec="http-server" args=["http-server",null]
6 verbose parsed url { protocol: null,
6 verbose parsed url   slashes: null,
6 verbose parsed url   auth: null,
6 verbose parsed url   host: null,
6 verbose parsed url   port: null,
6 verbose parsed url   hostname: null,
6 verbose parsed url   hash: null,
6 verbose parsed url   search: null,
6 verbose parsed url   query: null,
6 verbose parsed url   pathname: 'http-server',
6 verbose parsed url   path: 'http-server',
6 verbose parsed url   href: 'http-server' }
7 silly lockFile ed608307-http-server http-server
8 verbose lock http-server /home/chelsy/.npm/ed608307-http-server.lock
9 silly lockFile ed608307-http-server http-server
10 silly lockFile ed608307-http-server http-server
11 verbose addNamed [ 'http-server', '' ]
12 verbose addNamed [ null, '*' ]
13 silly lockFile 550353c6-http-server http-server@
14 verbose lock http-server@ /home/chelsy/.npm/550353c6-http-server.lock
15 silly addNameRange { name: 'http-server', range: '*', hasData: false }
16 verbose url raw http-server
17 verbose url resolving [ 'https://registry.npmjs.org/', './http-server' ]
18 verbose url resolved https://registry.npmjs.org/http-server
19 info trying registry request attempt 1 at 09:30:13
20 verbose etag "CSRECWC21QZK6XVGM32PB57HY"
21 http GET https://registry.npmjs.org/http-server
22 http 200 https://registry.npmjs.org/http-server
23 silly registry.get cb [ 200,
23 silly registry.get   { server: 'CouchDB/1.5.0 (Erlang OTP/R16B03)',
23 silly registry.get     etag: '"67SUD6GTTV4JXZ5TYXE1003X0"',
23 silly registry.get     'content-type': 'application/json',
23 silly registry.get     'cache-control': 'max-age=300',
23 silly registry.get     'content-length': '55871',
23 silly registry.get     'accept-ranges': 'bytes',
23 silly registry.get     date: 'Sat, 09 Jan 2016 02:30:16 GMT',
23 silly registry.get     via: '1.1 varnish',
23 silly registry.get     age: '0',
23 silly registry.get     connection: 'keep-alive',
23 silly registry.get     'x-served-by': 'cache-sin6923-SIN',
23 silly registry.get     'x-cache': 'HIT',
23 silly registry.get     'x-cache-hits': '1',
23 silly registry.get     'x-timer': 'S1452306616.447494,VS0,VE247',
23 silly registry.get     vary: 'Accept' } ]
24 silly addNameRange number 2 { name: 'http-server', range: '*', hasData: true }
25 silly addNameRange versions [ 'http-server',
25 silly addNameRange   [ '0.1.0',
25 silly addNameRange     '0.1.1',
25 silly addNameRange     '0.1.3',
25 silly addNameRange     '0.2.1',
25 silly addNameRange     '0.2.2',
25 silly addNameRange     '0.2.3',
25 silly addNameRange     '0.2.4',
25 silly addNameRange     '0.2.5',
25 silly addNameRange     '0.2.6',
25 silly addNameRange     '0.2.9',
25 silly addNameRange     '0.3.0',
25 silly addNameRange     '0.4.0',
25 silly addNameRange     '0.4.1',
25 silly addNameRange     '0.5.0',
25 silly addNameRange     '0.5.1',
25 silly addNameRange     '0.5.2',
25 silly addNameRange     '0.5.3',
25 silly addNameRange     '0.5.5',
25 silly addNameRange     '0.6.0',
25 silly addNameRange     '0.6.1',
25 silly addNameRange     '0.7.0',
25 silly addNameRange     '0.7.1',
25 silly addNameRange     '0.7.2',
25 silly addNameRange     '0.7.3',
25 silly addNameRange     '0.7.4',
25 silly addNameRange     '0.7.5',
25 silly addNameRange     '0.8.0',
25 silly addNameRange     '0.8.1',
25 silly addNameRange     '0.8.2',
25 silly addNameRange     '0.8.3',
25 silly addNameRange     '0.8.4',
25 silly addNameRange     '0.8.5' ] ]
26 verbose addNamed [ 'http-server', '0.8.5' ]
27 verbose addNamed [ '0.8.5', '0.8.5' ]
28 silly lockFile 7b3268f0-http-server-0-8-5 http-server@0.8.5
29 verbose lock http-server@0.8.5 /home/chelsy/.npm/7b3268f0-http-server-0-8-5.lock
30 silly lockFile a3e53ddf-ttp-server-http-server-0-8-5-tgz https://registry.npmjs.org/http-server/-/http-server-0.8.5.tgz
31 verbose lock https://registry.npmjs.org/http-server/-/http-server-0.8.5.tgz /home/chelsy/.npm/a3e53ddf-ttp-server-http-server-0-8-5-tgz.lock
32 verbose addRemoteTarball [ 'https://registry.npmjs.org/http-server/-/http-server-0.8.5.tgz',
32 verbose addRemoteTarball   'bbf27c9f09499e51a1fe1f979a6f39a45a04f2fb' ]
33 silly lockFile a3e53ddf-ttp-server-http-server-0-8-5-tgz https://registry.npmjs.org/http-server/-/http-server-0.8.5.tgz
34 silly lockFile a3e53ddf-ttp-server-http-server-0-8-5-tgz https://registry.npmjs.org/http-server/-/http-server-0.8.5.tgz
35 silly lockFile 7b3268f0-http-server-0-8-5 http-server@0.8.5
36 silly lockFile 7b3268f0-http-server-0-8-5 http-server@0.8.5
37 silly lockFile 550353c6-http-server http-server@
38 silly lockFile 550353c6-http-server http-server@
39 error Error: EACCES, mkdir '/home/chelsy/tmp/npm-5246-HT3swGU6'
39 error  { [Error: EACCES, mkdir '/home/chelsy/tmp/npm-5246-HT3swGU6']
39 error   errno: 3,
39 error   code: 'EACCES',
39 error   path: '/home/chelsy/tmp/npm-5246-HT3swGU6' }
40 error Please try running this command again as root/Administrator.
41 error System Linux 3.13.0-24-generic
42 error command "/usr/bin/nodejs" "/usr/bin/npm" "install" "-g" "http-server"
43 error cwd /home/chelsy/Documents/Project_2015/BALIN-API/lumen
44 error node -v v0.10.25
45 error npm -v 1.3.10
46 error path /home/chelsy/tmp/npm-5246-HT3swGU6
47 error code EACCES
48 error errno 3
49 error stack Error: EACCES, mkdir '/home/chelsy/tmp/npm-5246-HT3swGU6'
50 verbose exit [ 3, true ]
